<?xml version="1.0" encoding="UTF-8"?>
<testsuite name="com.example.springboot.controller.CustomerControllerTests" tests="1" skipped="0" failures="0" errors="0" timestamp="2015-10-19T20:45:19" hostname="ND27637" time="2.715">
  <properties/>
  <testcase name="defaultCustomerId" classname="com.example.springboot.controller.CustomerControllerTests" time="2.715"/>
  <system-out><![CDATA[21:45:21.223 [Test worker] DEBUG o.s.core.env.StandardEnvironment - Adding [systemProperties] PropertySource with lowest search precedence
21:45:21.265 [Test worker] DEBUG o.s.core.env.StandardEnvironment - Adding [systemEnvironment] PropertySource with lowest search precedence
21:45:21.266 [Test worker] DEBUG o.s.core.env.StandardEnvironment - Initialized StandardEnvironment with PropertySources [systemProperties,systemEnvironment]
21:45:21.520 [Test worker] INFO  o.s.t.w.s.s.StandaloneMockMvcBuilder$StaticRequestMappingHandlerMapping - Mapped "{[/customer],methods=[GET],params=[],headers=[],consumes=[],produces=[],custom=[]}" onto public com.example.springboot.domain.Customer com.example.springboot.controller.CustomerController.customer(java.lang.String) throws com.example.springboot.error.OurException
21:45:21.665 [Test worker] DEBUG org.jboss.logging - Logging Provider: org.jboss.logging.Slf4jLoggerProvider
21:45:21.669 [Test worker] INFO  o.h.validator.internal.util.Version - HV000001: Hibernate Validator 5.1.3.Final
21:45:21.697 [Test worker] DEBUG o.h.v.i.e.r.DefaultTraversableResolver - Found javax.persistence.Persistence on classpath containing 'getPersistenceUtil'. Assuming JPA 2 environment. Trying to instantiate JPA aware TraversableResolver
21:45:21.700 [Test worker] DEBUG o.h.v.i.e.r.DefaultTraversableResolver - Instantiated JPA aware TraversableResolver of type org.hibernate.validator.internal.engine.resolver.JPATraversableResolver.
21:45:21.722 [Test worker] DEBUG o.h.v.i.engine.ConfigurationImpl - Setting custom MessageInterpolator of type org.springframework.validation.beanvalidation.LocaleContextMessageInterpolator
21:45:21.726 [Test worker] DEBUG o.h.v.i.engine.ConfigurationImpl - Setting custom ParameterNameProvider of type com.sun.proxy.$Proxy20
21:45:21.736 [Test worker] DEBUG o.h.v.i.xml.ValidationXmlParser - Trying to load META-INF/validation.xml for XML based Validator configuration.
21:45:21.751 [Test worker] DEBUG o.h.v.i.xml.ValidationXmlParser - No META-INF/validation.xml found. Using annotation based configuration only.
21:45:21.875 [Test worker] INFO  o.s.w.s.m.m.a.RequestMappingHandlerAdapter - Looking for @ControllerAdvice: org.springframework.test.web.servlet.setup.StubWebApplicationContext@7bb95c9c
21:45:22.074 [Test worker] DEBUG o.s.t.w.s.TestDispatcherServlet - Initializing servlet ''
21:45:22.115 [Test worker] DEBUG o.s.w.c.s.StandardServletEnvironment - Adding [servletConfigInitParams] PropertySource with lowest search precedence
21:45:22.115 [Test worker] DEBUG o.s.w.c.s.StandardServletEnvironment - Adding [servletContextInitParams] PropertySource with lowest search precedence
21:45:22.124 [Test worker] DEBUG o.s.w.c.s.StandardServletEnvironment - Adding [systemProperties] PropertySource with lowest search precedence
21:45:22.124 [Test worker] DEBUG o.s.w.c.s.StandardServletEnvironment - Adding [systemEnvironment] PropertySource with lowest search precedence
21:45:22.125 [Test worker] DEBUG o.s.w.c.s.StandardServletEnvironment - Initialized StandardServletEnvironment with PropertySources [servletConfigInitParams,servletContextInitParams,systemProperties,systemEnvironment]
21:45:22.125 [Test worker] INFO  o.s.mock.web.MockServletContext - Initializing Spring FrameworkServlet ''
21:45:22.125 [Test worker] INFO  o.s.t.w.s.TestDispatcherServlet - FrameworkServlet '': initialization started
21:45:22.135 [Test worker] DEBUG o.s.t.w.s.TestDispatcherServlet - Unable to locate MultipartResolver with name 'multipartResolver': no multipart request handling provided
21:45:22.135 [Test worker] DEBUG o.s.t.w.s.TestDispatcherServlet - Using LocaleResolver [org.springframework.web.servlet.i18n.AcceptHeaderLocaleResolver@8d0ff03]
21:45:22.135 [Test worker] DEBUG o.s.t.w.s.TestDispatcherServlet - Using ThemeResolver [org.springframework.web.servlet.theme.FixedThemeResolver@4e1f40db]
21:45:22.135 [Test worker] DEBUG o.s.t.w.s.TestDispatcherServlet - Using RequestToViewNameTranslator [org.springframework.web.servlet.view.DefaultRequestToViewNameTranslator@40df853]
21:45:22.135 [Test worker] DEBUG o.s.t.w.s.TestDispatcherServlet - Using FlashMapManager [org.springframework.web.servlet.support.SessionFlashMapManager@293a1a61]
21:45:22.136 [Test worker] DEBUG o.s.t.w.s.TestDispatcherServlet - Published WebApplicationContext of servlet '' as ServletContext attribute with name [org.springframework.web.servlet.FrameworkServlet.CONTEXT.]
21:45:22.136 [Test worker] INFO  o.s.t.w.s.TestDispatcherServlet - FrameworkServlet '': initialization completed in 11 ms
21:45:22.136 [Test worker] DEBUG o.s.t.w.s.TestDispatcherServlet - Servlet '' configured successfully
21:45:22.276 [Test worker] DEBUG o.s.t.w.s.TestDispatcherServlet - DispatcherServlet with name '' processing GET request for [/customer]
21:45:22.281 [Test worker] DEBUG o.s.t.w.s.s.StandaloneMockMvcBuilder$StaticRequestMappingHandlerMapping - Looking up handler method for path /customer
21:45:22.284 [Test worker] DEBUG o.s.t.w.s.s.StandaloneMockMvcBuilder$StaticRequestMappingHandlerMapping - Returning handler method [public com.example.springboot.domain.Customer com.example.springboot.controller.CustomerController.customer(java.lang.String) throws com.example.springboot.error.OurException]
21:45:22.284 [Test worker] DEBUG o.s.t.w.s.TestDispatcherServlet - Last-Modified value for [/customer] is: -1
21:45:22.337 [Test worker] DEBUG c.e.s.controller.CustomerController - debug: entering customer with id = 1
21:45:22.453 [Test worker] DEBUG o.s.w.s.m.m.a.RequestResponseBodyMethodProcessor - Written [Customer[id='1', firstName='Ken', lastName='Smith']] as "application/json;charset=UTF-8" using [org.springframework.http.converter.json.MappingJackson2HttpMessageConverter@154b9e51]
21:45:22.454 [Test worker] DEBUG o.s.t.w.s.TestDispatcherServlet - Null ModelAndView returned to DispatcherServlet with name '': assuming HandlerAdapter completed request handling
21:45:22.454 [Test worker] DEBUG o.s.t.w.s.TestDispatcherServlet - Successfully completed request
21:45:22.570 [Test worker] DEBUG c.j.jsonpath.internal.CompiledPath - Evaluating path: $['id']
21:45:22.581 [Test worker] DEBUG c.j.jsonpath.internal.CompiledPath - Evaluating path: $['firstName']
21:45:22.581 [Test worker] DEBUG c.j.jsonpath.internal.CompiledPath - Evaluating path: $['lastName']
]]></system-out>
  <system-err><![CDATA[]]></system-err>
</testsuite>
